# JRE version: OpenJDK Runtime Environment (21.0.8) (build 21.0.8+-14196175-b1038.72)
# Java VM: OpenJDK 64-Bit Server VM (21.0.8+-14196175-b1038.72, mixed mode, tiered, compressed oops, compressed class ptrs, g1 gc, windows-amd64)
GC Precious Log:
 CardTable entry size: 512
 Card Set container configuration: InlinePtr #cards 5 size 8 Array Of Cards #cards 12 size 40 Howl #buckets 4 coarsen threshold 1843 Howl Bitmap #cards 512 size 80 coarsen threshold 460 Card regions per heap region 1 cards per card region 2048
 CPUs: 12 total, 12 available
 Memory: 16122M
 Large Page Support: Disabled
 NUMA Support: Disabled
 Compressed Oops: Enabled (32-bit)
 Heap Region Size: 1M
 Heap Min Capacity: 8M
 Heap Initial Capacity: 252M
 Heap Max Capacity: 2G
 Pre-touch: Disabled
 Parallel Workers: 10
 Concurrent Workers: 3
 Concurrent Refinement Workers: 10
 Periodic GC: Disabled
Heap:
 garbage-first heap   total 243712K, used 126873K [0x0000000080000000, 0x0000000100000000)
  region size 1024K, 2 young (2048K), 2 survivors (2048K)
 Metaspace       used 118411K, committed 120704K, reserved 1179648K
  class space    used 16813K, committed 17920K, reserved 1048576K
GC Heap History (20 events):
Event: 11.661 GC heap after
{Heap after GC invocations=40 (full 0):
 garbage-first heap   total 171008K, used 105274K [0x0000000080000000, 0x0000000100000000)
  region size 1024K, 8 young (8192K), 8 survivors (8192K)
 Metaspace       used 115125K, committed 117312K, reserved 1179648K
  class space    used 16318K, committed 17344K, reserved 1048576K
}
Event: 11.973 GC heap before
{Heap before GC invocations=41 (full 0):
 garbage-first heap   total 176128K, used 151354K [0x0000000080000000, 0x0000000100000000)
  region size 1024K, 54 young (55296K), 8 survivors (8192K)
 Metaspace       used 116769K, committed 118976K, reserved 1179648K
  class space    used 16612K, committed 17664K, reserved 1048576K
}
Event: 11.980 GC heap after
{Heap after GC invocations=42 (full 0):
 garbage-first heap   total 176128K, used 112337K [0x0000000080000000, 0x0000000100000000)
  region size 1024K, 7 young (7168K), 7 survivors (7168K)
 Metaspace       used 116769K, committed 118976K, reserved 1179648K
  class space    used 16612K, committed 17664K, reserved 1048576K
}
Event: 12.226 GC heap before
{Heap before GC invocations=42 (full 0):
 garbage-first heap   total 176128K, used 156369K [0x0000000080000000, 0x0000000100000000)
  region size 1024K, 51 young (52224K), 7 survivors (7168K)
 Metaspace       used 117339K, committed 119552K, reserved 1179648K
  class space    used 16654K, committed 17728K, reserved 1048576K
}
Event: 12.232 GC heap after
{Heap after GC invocations=43 (full 0):
 garbage-first heap   total 176128K, used 116649K [0x0000000080000000, 0x0000000100000000)
  region size 1024K, 6 young (6144K), 6 survivors (6144K)
 Metaspace       used 117339K, committed 119552K, reserved 1179648K
  class space    used 16654K, committed 17728K, reserved 1048576K
}
Event: 12.370 GC heap before
{Heap before GC invocations=43 (full 0):
 garbage-first heap   total 176128K, used 157609K [0x0000000080000000, 0x0000000100000000)
  region size 1024K, 47 young (48128K), 6 survivors (6144K)
 Metaspace       used 117664K, committed 119872K, reserved 1179648K
  class space    used 16725K, committed 17792K, reserved 1048576K
}
Event: 12.373 GC heap after
{Heap after GC invocations=44 (full 0):
 garbage-first heap   total 176128K, used 118801K [0x0000000080000000, 0x0000000100000000)
  region size 1024K, 5 young (5120K), 5 survivors (5120K)
 Metaspace       used 117664K, committed 119872K, reserved 1179648K
  class space    used 16725K, committed 17792K, reserved 1048576K
}
Event: 12.622 GC heap before
{Heap before GC invocations=45 (full 0):
 garbage-first heap   total 199680K, used 157713K [0x0000000080000000, 0x0000000100000000)
  region size 1024K, 44 young (45056K), 5 survivors (5120K)
 Metaspace       used 117914K, committed 120192K, reserved 1179648K
  class space    used 16758K, committed 17856K, reserved 1048576K
}
Event: 12.626 GC heap after
{Heap after GC invocations=46 (full 0):
 garbage-first heap   total 199680K, used 120897K [0x0000000080000000, 0x0000000100000000)
  region size 1024K, 5 young (5120K), 5 survivors (5120K)
 Metaspace       used 117914K, committed 120192K, reserved 1179648K
  class space    used 16758K, committed 17856K, reserved 1048576K
}
Event: 12.831 GC heap before
{Heap before GC invocations=46 (full 0):
 garbage-first heap   total 199680K, used 181313K [0x0000000080000000, 0x0000000100000000)
  region size 1024K, 65 young (66560K), 5 survivors (5120K)
 Metaspace       used 118261K, committed 120512K, reserved 1179648K
  class space    used 16803K, committed 17920K, reserved 1048576K
}
Event: 13.835 GC heap after
{Heap after GC invocations=47 (full 0):
 garbage-first heap   total 239616K, used 121990K [0x0000000080000000, 0x0000000100000000)
  region size 1024K, 7 young (7168K), 7 survivors (7168K)
 Metaspace       used 118261K, committed 120512K, reserved 1179648K
  class space    used 16803K, committed 17920K, reserved 1048576K
}
Event: 13.868 GC heap before
{Heap before GC invocations=47 (full 0):
 garbage-first heap   total 239616K, used 126086K [0x0000000080000000, 0x0000000100000000)
  region size 1024K, 11 young (11264K), 7 survivors (7168K)
 Metaspace       used 118282K, committed 120512K, reserved 1179648K
  class space    used 16807K, committed 17920K, reserved 1048576K
}
Event: 13.871 GC heap after
{Heap after GC invocations=48 (full 0):
 garbage-first heap   total 239616K, used 122751K [0x0000000080000000, 0x0000000100000000)
  region size 1024K, 2 young (2048K), 2 survivors (2048K)
 Metaspace       used 118282K, committed 120512K, reserved 1179648K
  class space    used 16807K, committed 17920K, reserved 1048576K
}
Event: 13.937 GC heap before
{Heap before GC invocations=48 (full 0):
 garbage-first heap   total 239616K, used 130943K [0x0000000080000000, 0x0000000100000000)
  region size 1024K, 11 young (11264K), 2 survivors (2048K)
 Metaspace       used 118335K, committed 120576K, reserved 1179648K
  class space    used 16810K, committed 17920K, reserved 1048576K
}
Event: 13.939 GC heap after
{Heap after GC invocations=49 (full 0):
 garbage-first heap   total 239616K, used 124412K [0x0000000080000000, 0x0000000100000000)
  region size 1024K, 2 young (2048K), 2 survivors (2048K)
 Metaspace       used 118335K, committed 120576K, reserved 1179648K
  class space    used 16810K, committed 17920K, reserved 1048576K
}
Event: 14.004 GC heap before
{Heap before GC invocations=50 (full 0):
 garbage-first heap   total 239616K, used 132604K [0x0000000080000000, 0x0000000100000000)
  region size 1024K, 11 young (11264K), 2 survivors (2048K)
 Metaspace       used 118371K, committed 120576K, reserved 1179648K
  class space    used 16812K, committed 17920K, reserved 1048576K
}
Event: 14.006 GC heap after
{Heap after GC invocations=51 (full 0):
 garbage-first heap   total 239616K, used 125284K [0x0000000080000000, 0x0000000100000000)
  region size 1024K, 2 young (2048K), 2 survivors (2048K)
 Metaspace       used 118371K, committed 120576K, reserved 1179648K
  class space    used 16812K, committed 17920K, reserved 1048576K
}
Event: 14.057 GC heap before
{Heap before GC invocations=51 (full 0):
 garbage-first heap   total 239616K, used 133476K [0x0000000080000000, 0x0000000100000000)
  region size 1024K, 11 young (11264K), 2 survivors (2048K)
 Metaspace       used 118398K, committed 120640K, reserved 1179648K
  class space    used 16813K, committed 17920K, reserved 1048576K
}
Event: 14.060 GC heap after
{Heap after GC invocations=52 (full 0):
 garbage-first heap   total 239616K, used 125851K [0x0000000080000000, 0x0000000100000000)
  region size 1024K, 2 young (2048K), 2 survivors (2048K)
 Metaspace       used 118398K, committed 120640K, reserved 1179648K
  class space    used 16813K, committed 17920K, reserved 1048576K
}
Event: 14.098 GC heap before
{Heap before GC invocations=52 (full 0):
 garbage-first heap   total 239616K, used 134043K [0x0000000080000000, 0x0000000100000000)
  region size 1024K, 11 young (11264K), 2 survivors (2048K)
 Metaspace       used 118411K, committed 120704K, reserved 1179648K
  class space    used 16813K, committed 17920K, reserved 1048576K
}

