# JRE version: OpenJDK Runtime Environment (21.0.8) (build 21.0.8+-14196175-b1038.72)
# Java VM: OpenJDK 64-Bit Server VM (21.0.8+-14196175-b1038.72, mixed mode, tiered, compressed oops, compressed class ptrs, g1 gc, windows-amd64)
GC Precious Log:
 CardTable entry size: 512
 Card Set container configuration: InlinePtr #cards 5 size 8 Array Of Cards #cards 12 size 40 Howl #buckets 4 coarsen threshold 1843 Howl Bitmap #cards 512 size 80 coarsen threshold 460 Card regions per heap region 1 cards per card region 2048
 CPUs: 12 total, 12 available
 Memory: 16122M
 Large Page Support: Disabled
 NUMA Support: Disabled
 Compressed Oops: Enabled (32-bit)
 Heap Region Size: 1M
 Heap Min Capacity: 8M
 Heap Initial Capacity: 252M
 Heap Max Capacity: 2G
 Pre-touch: Disabled
 Parallel Workers: 10
 Concurrent Workers: 3
 Concurrent Refinement Workers: 10
 Periodic GC: Disabled
Heap:
 garbage-first heap   total 281600K, used 234897K [0x0000000080000000, 0x0000000100000000)
  region size 1024K, 89 young (91136K), 16 survivors (16384K)
 Metaspace       used 146902K, committed 149312K, reserved 1179648K
  class space    used 20807K, committed 22016K, reserved 1048576K
GC Heap History (20 events):
Event: 29.795 GC heap before
{Heap before GC invocations=49 (full 0):
 garbage-first heap   total 201728K, used 160679K [0x0000000080000000, 0x0000000100000000)
  region size 1024K, 48 young (49152K), 7 survivors (7168K)
 Metaspace       used 118064K, committed 120320K, reserved 1179648K
  class space    used 16756K, committed 17856K, reserved 1048576K
}
Event: 29.799 GC heap after
{Heap after GC invocations=50 (full 0):
 garbage-first heap   total 201728K, used 121622K [0x0000000080000000, 0x0000000100000000)
  region size 1024K, 5 young (5120K), 5 survivors (5120K)
 Metaspace       used 118064K, committed 120320K, reserved 1179648K
  class space    used 16756K, committed 17856K, reserved 1048576K
}
Event: 30.886 GC heap before
{Heap before GC invocations=50 (full 0):
 garbage-first heap   total 201728K, used 182038K [0x0000000080000000, 0x0000000100000000)
  region size 1024K, 65 young (66560K), 5 survivors (5120K)
 Metaspace       used 119064K, committed 121280K, reserved 1179648K
  class space    used 16914K, committed 17984K, reserved 1048576K
}
Event: 30.892 GC heap after
{Heap after GC invocations=51 (full 0):
 garbage-first heap   total 201728K, used 123410K [0x0000000080000000, 0x0000000100000000)
  region size 1024K, 7 young (7168K), 7 survivors (7168K)
 Metaspace       used 119064K, committed 121280K, reserved 1179648K
  class space    used 16914K, committed 17984K, reserved 1048576K
}
Event: 31.760 GC heap before
{Heap before GC invocations=51 (full 0):
 garbage-first heap   total 201728K, used 180754K [0x0000000080000000, 0x0000000100000000)
  region size 1024K, 64 young (65536K), 7 survivors (7168K)
 Metaspace       used 122229K, committed 124480K, reserved 1179648K
  class space    used 17313K, committed 18432K, reserved 1048576K
}
Event: 31.767 GC heap after
{Heap after GC invocations=52 (full 0):
 garbage-first heap   total 201728K, used 126218K [0x0000000080000000, 0x0000000100000000)
  region size 1024K, 6 young (6144K), 6 survivors (6144K)
 Metaspace       used 122229K, committed 124480K, reserved 1179648K
  class space    used 17313K, committed 18432K, reserved 1048576K
}
Event: 43.030 GC heap before
{Heap before GC invocations=52 (full 0):
 garbage-first heap   total 201728K, used 182538K [0x0000000080000000, 0x0000000100000000)
  region size 1024K, 62 young (63488K), 6 survivors (6144K)
 Metaspace       used 123399K, committed 125760K, reserved 1179648K
  class space    used 17513K, committed 18688K, reserved 1048576K
}
Event: 43.036 GC heap after
{Heap after GC invocations=53 (full 0):
 garbage-first heap   total 201728K, used 128455K [0x0000000080000000, 0x0000000100000000)
  region size 1024K, 5 young (5120K), 5 survivors (5120K)
 Metaspace       used 123399K, committed 125760K, reserved 1179648K
  class space    used 17513K, committed 18688K, reserved 1048576K
}
Event: 44.467 GC heap before
{Heap before GC invocations=54 (full 0):
 garbage-first heap   total 224256K, used 187847K [0x0000000080000000, 0x0000000100000000)
  region size 1024K, 59 young (60416K), 5 survivors (5120K)
 Metaspace       used 130915K, committed 133248K, reserved 1179648K
  class space    used 18483K, committed 19648K, reserved 1048576K
}
Event: 44.471 GC heap after
{Heap after GC invocations=55 (full 0):
 garbage-first heap   total 224256K, used 129922K [0x0000000080000000, 0x0000000100000000)
  region size 1024K, 2 young (2048K), 2 survivors (2048K)
 Metaspace       used 130915K, committed 133248K, reserved 1179648K
  class space    used 18483K, committed 19648K, reserved 1048576K
}
Event: 45.899 GC heap before
{Heap before GC invocations=55 (full 0):
 garbage-first heap   total 224256K, used 207746K [0x0000000080000000, 0x0000000100000000)
  region size 1024K, 79 young (80896K), 2 survivors (2048K)
 Metaspace       used 141627K, committed 144064K, reserved 1179648K
  class space    used 20294K, committed 21504K, reserved 1048576K
}
Event: 45.904 GC heap after
{Heap after GC invocations=56 (full 0):
 garbage-first heap   total 224256K, used 130736K [0x0000000080000000, 0x0000000100000000)
  region size 1024K, 4 young (4096K), 4 survivors (4096K)
 Metaspace       used 141627K, committed 144064K, reserved 1179648K
  class space    used 20294K, committed 21504K, reserved 1048576K
}
Event: 46.373 GC heap before
{Heap before GC invocations=56 (full 0):
 garbage-first heap   total 224256K, used 154288K [0x0000000080000000, 0x0000000100000000)
  region size 1024K, 29 young (29696K), 4 survivors (4096K)
 Metaspace       used 143555K, committed 145984K, reserved 1179648K
  class space    used 20549K, committed 21760K, reserved 1048576K
}
Event: 46.379 GC heap after
{Heap after GC invocations=57 (full 0):
 garbage-first heap   total 224256K, used 133351K [0x0000000080000000, 0x0000000100000000)
  region size 1024K, 6 young (6144K), 6 survivors (6144K)
 Metaspace       used 143555K, committed 145984K, reserved 1179648K
  class space    used 20549K, committed 21760K, reserved 1048576K
}
Event: 75.639 GC heap before
{Heap before GC invocations=58 (full 0):
 garbage-first heap   total 281600K, used 253159K [0x0000000080000000, 0x0000000100000000)
  region size 1024K, 73 young (74752K), 6 survivors (6144K)
 Metaspace       used 145104K, committed 147520K, reserved 1179648K
  class space    used 20779K, committed 21952K, reserved 1048576K
}
Event: 75.646 GC heap after
{Heap after GC invocations=59 (full 0):
 garbage-first heap   total 281600K, used 136964K [0x0000000080000000, 0x0000000100000000)
  region size 1024K, 9 young (9216K), 9 survivors (9216K)
 Metaspace       used 145104K, committed 147520K, reserved 1179648K
  class space    used 20779K, committed 21952K, reserved 1048576K
}
Event: 528.357 GC heap before
{Heap before GC invocations=59 (full 0):
 garbage-first heap   total 281600K, used 254724K [0x0000000080000000, 0x0000000100000000)
  region size 1024K, 125 young (128000K), 9 survivors (9216K)
 Metaspace       used 145910K, committed 148352K, reserved 1179648K
  class space    used 20792K, committed 22016K, reserved 1048576K
}
Event: 528.373 GC heap after
{Heap after GC invocations=60 (full 0):
 garbage-first heap   total 281600K, used 134571K [0x0000000080000000, 0x0000000100000000)
  region size 1024K, 7 young (7168K), 7 survivors (7168K)
 Metaspace       used 145910K, committed 148352K, reserved 1179648K
  class space    used 20792K, committed 22016K, reserved 1048576K
}
Event: 531.621 GC heap before
{Heap before GC invocations=60 (full 0):
 garbage-first heap   total 281600K, used 250283K [0x0000000080000000, 0x0000000100000000)
  region size 1024K, 122 young (124928K), 7 survivors (7168K)
 Metaspace       used 146743K, committed 149184K, reserved 1179648K
  class space    used 20806K, committed 22016K, reserved 1048576K
}
Event: 531.635 GC heap after
{Heap after GC invocations=61 (full 0):
 garbage-first heap   total 281600K, used 144785K [0x0000000080000000, 0x0000000100000000)
  region size 1024K, 16 young (16384K), 16 survivors (16384K)
 Metaspace       used 146743K, committed 149184K, reserved 1179648K
  class space    used 20806K, committed 22016K, reserved 1048576K
}

